<?xml version="1.0" encoding="UTF-8"?>
<!-- Generated by org.testng.reporters.JUnitReportReporter -->
<testsuite hostname="DESKTOP-OV5B7M2" failures="0" tests="2" name="allTest.tests" time="9.623" errors="0" timestamp="2023-09-06T01:09:01 IST" skipped="1">
  <testcase classname="allTest.tests" name="testing2" time="9.623"/>
  <system-out/>
  <testcase classname="allTest.tests" name="testing1">
    <skipped/>
  </testcase> <!-- testing1 -->
  <system-out/>
</testsuite> <!-- allTest.tests -->
